2025-05-08 22:55:28,995 - car_app - INFO - Initializing database
2025-05-08 22:55:28,997 - car_app - INFO - Database initialization completed
2025-05-08 22:55:53,641 - car_app - INFO - Starting scraping process
2025-05-08 22:55:53,715 - ss_scraper - INFO - Adding SS.LV as a data source
2025-05-08 22:55:53,723 - ss_scraper - INFO - Using source_id 1 for SS.LV
2025-05-08 22:55:53,724 - ss_scraper - INFO - Starting the scraper at 2025-05-08 22:55:53.724683
2025-05-08 22:55:53,725 - ss_scraper - INFO - Getting car brands from SS.LV
2025-05-08 22:55:53,787 - ss_scraper - INFO - Found 4 target car brands
2025-05-08 22:55:53,788 - ss_scraper - INFO - Starting to scrape brand: Infiniti
2025-05-08 22:55:53,788 - ss_scraper - INFO - Getting models for Infiniti
2025-05-08 22:55:53,827 - ss_scraper - INFO - Found 6 models for Infiniti
2025-05-08 22:55:53,827 - ss_scraper - INFO - Starting to scrape model: Infiniti Infiniti FX
2025-05-08 22:55:53,827 - ss_scraper - INFO - Getting listings for Infiniti Infiniti FX
2025-05-08 22:55:53,827 - ss_scraper - INFO - Checking page 1 at https://www.ss.lv/lv/transport/cars/infiniti/fx/
2025-05-08 22:55:53,940 - ss_scraper - INFO - Found 19 listings on this page
2025-05-08 22:55:53,943 - ss_scraper - INFO - Found 18 total listings for Infiniti Infiniti FX
2025-05-08 22:55:54,019 - ss_scraper - INFO - Adding new brand: Infiniti
2025-05-08 22:55:54,024 - ss_scraper - INFO - Adding new model: Infiniti Infiniti FX
2025-05-08 22:55:54,028 - ss_scraper - INFO - Adding new region: Nav nor\u0101d\u012bts
2025-05-08 22:55:54,038 - ss_scraper - INFO - Added new listing: 56334335
2025-05-08 22:55:54,054 - ss_scraper - INFO - Added new listing: 56249864
2025-05-08 22:55:54,070 - ss_scraper - INFO - Added new listing: 54746773
2025-05-08 22:55:54,098 - ss_scraper - INFO - Added new listing: 56088036
2025-05-08 22:55:54,136 - ss_scraper - INFO - Added new listing: 55953052
2025-05-08 22:55:54,155 - ss_scraper - INFO - Added new listing: 56197335
2025-05-08 22:55:54,186 - ss_scraper - INFO - Added new listing: 56130732
2025-05-08 22:55:54,214 - ss_scraper - INFO - Added new listing: 55401515
2025-05-08 22:55:54,246 - ss_scraper - INFO - Added new listing: 55890011
2025-05-08 22:55:54,266 - ss_scraper - INFO - Added new listing: 56241552
2025-05-08 22:55:54,297 - ss_scraper - INFO - Added new listing: 55235422
2025-05-08 22:55:54,316 - ss_scraper - INFO - Added new listing: 56290547
2025-05-08 22:55:54,348 - ss_scraper - INFO - Added new listing: 55566593
2025-05-08 22:55:54,382 - ss_scraper - ERROR - Error saving listing 56145562: (sqlite3.IntegrityError) NOT NULL constraint failed: listings.price
[SQL: INSERT INTO listings (car_id, source_id, external_id, price, listing_date, listing_url, is_active, created_at, updated_at) VALUES (?, ?, ?, ?, ?, ?, ?, ?, ?)]
[parameters: (14, 1, '56145562', None, '2025-05-08', 'https://www.ss.lv/msg/lv/transport/cars/infiniti/fx/blxip.html', 1, '2025-05-08 22:55:54.381880', '2025-05-08 22:55:54.381880')]
(Background on this error at: https://sqlalche.me/e/20/gkpj)
2025-05-08 22:55:54,408 - ss_scraper - INFO - Added new listing: 55164933
2025-05-08 22:55:54,430 - ss_scraper - INFO - Added new listing: 55517237
2025-05-08 22:55:54,455 - ss_scraper - INFO - Added new listing: 55075065
2025-05-08 22:55:54,493 - ss_scraper - INFO - Added new listing: 56145559
2025-05-08 22:55:56,392 - ss_scraper - INFO - Processed 18 listings for Infiniti Infiniti FX
2025-05-08 22:55:56,392 - ss_scraper - INFO - Results: {'new': 17, 'updated': 0, 'unchanged': 0, 'error': 1}
2025-05-08 22:55:58,178 - ss_scraper - INFO - Starting to scrape model: Infiniti Infiniti M30
2025-05-08 22:55:58,178 - ss_scraper - INFO - Getting listings for Infiniti Infiniti M30
2025-05-08 22:55:58,179 - ss_scraper - INFO - Checking page 1 at https://www.ss.lv/lv/transport/cars/infiniti/m30/
2025-05-08 22:55:58,270 - ss_scraper - INFO - Found 2 listings on this page
2025-05-08 22:55:58,271 - ss_scraper - INFO - Found 1 total listings for Infiniti Infiniti M30
2025-05-08 22:55:58,337 - ss_scraper - INFO - Adding new model: Infiniti Infiniti M30
2025-05-08 22:55:58,344 - ss_scraper - INFO - Added new listing: 56239041
2025-05-08 22:55:59,196 - ss_scraper - INFO - Processed 1 listings for Infiniti Infiniti M30
2025-05-08 22:55:59,196 - ss_scraper - INFO - Results: {'new': 1, 'updated': 0, 'unchanged': 0, 'error': 0}
2025-05-08 22:56:01,351 - ss_scraper - INFO - Starting to scrape model: Infiniti Infiniti Q30
2025-05-08 22:56:01,351 - ss_scraper - INFO - Getting listings for Infiniti Infiniti Q30
2025-05-08 22:56:01,351 - ss_scraper - INFO - Checking page 1 at https://www.ss.lv/lv/transport/cars/infiniti/q30/
2025-05-08 22:56:01,431 - ss_scraper - INFO - Found 4 listings on this page
2025-05-08 22:56:01,432 - ss_scraper - INFO - Found 3 total listings for Infiniti Infiniti Q30
2025-05-08 22:56:01,502 - ss_scraper - INFO - Adding new model: Infiniti Infiniti Q30
2025-05-08 22:56:01,506 - ss_scraper - ERROR - Error saving listing 55963871: (sqlite3.IntegrityError) NOT NULL constraint failed: listings.price
[SQL: INSERT INTO listings (car_id, source_id, external_id, price, listing_date, listing_url, is_active, created_at, updated_at) VALUES (?, ?, ?, ?, ?, ?, ?, ?, ?)]
[parameters: (19, 1, '55963871', None, '2025-05-08', 'https://www.ss.lv/msg/lv/transport/cars/infiniti/q30/cfncec.html', 1, '2025-05-08 22:56:01.506229', '2025-05-08 22:56:01.506229')]
(Background on this error at: https://sqlalche.me/e/20/gkpj)
2025-05-08 22:56:01,525 - ss_scraper - INFO - Added new listing: 55482795
2025-05-08 22:56:01,542 - ss_scraper - INFO - Added new listing: 56332300
2025-05-08 22:56:02,985 - ss_scraper - INFO - Processed 3 listings for Infiniti Infiniti Q30
2025-05-08 22:56:02,985 - ss_scraper - INFO - Results: {'new': 2, 'updated': 0, 'unchanged': 0, 'error': 1}
2025-05-08 22:56:04,681 - ss_scraper - INFO - Starting to scrape model: Infiniti Infiniti QX56
2025-05-08 22:56:04,681 - ss_scraper - INFO - Getting listings for Infiniti Infiniti QX56
2025-05-08 22:56:04,681 - ss_scraper - INFO - Checking page 1 at https://www.ss.lv/lv/transport/cars/infiniti/qx56/
2025-05-08 22:56:04,781 - ss_scraper - INFO - Found 5 listings on this page
2025-05-08 22:56:04,783 - ss_scraper - INFO - Found 4 total listings for Infiniti Infiniti QX56
2025-05-08 22:56:04,848 - ss_scraper - INFO - Adding new model: Infiniti Infiniti QX56
2025-05-08 22:56:04,855 - ss_scraper - INFO - Added new listing: 56330766
2025-05-08 22:56:04,873 - ss_scraper - INFO - Added new listing: 56241714
2025-05-08 22:56:04,887 - ss_scraper - INFO - Added new listing: 55810705
2025-05-08 22:56:04,907 - ss_scraper - INFO - Added new listing: 56263111
2025-05-08 22:56:06,036 - ss_scraper - INFO - Processed 4 listings for Infiniti Infiniti QX56
2025-05-08 22:56:06,036 - ss_scraper - INFO - Results: {'new': 4, 'updated': 0, 'unchanged': 0, 'error': 0}
2025-05-08 22:56:08,838 - ss_scraper - INFO - Starting to scrape model: Infiniti Citi
2025-05-08 22:56:08,838 - ss_scraper - INFO - Getting listings for Infiniti Citi
2025-05-08 22:56:08,839 - ss_scraper - INFO - Checking page 1 at https://www.ss.lv/lv/transport/cars/infiniti/another/
2025-05-08 22:56:08,933 - ss_scraper - INFO - Found 10 listings on this page
2025-05-08 22:56:08,935 - ss_scraper - INFO - Found 9 total listings for Infiniti Citi
2025-05-08 22:56:09,005 - ss_scraper - INFO - Adding new model: Infiniti Citi
2025-05-08 22:56:09,014 - ss_scraper - INFO - Added new listing: 56328413
2025-05-08 22:56:09,039 - ss_scraper - INFO - Added new listing: 55660414
2025-05-08 22:56:09,057 - ss_scraper - INFO - Added new listing: 56063291
2025-05-08 22:56:09,072 - ss_scraper - INFO - Added new listing: 51250000
2025-05-08 22:56:09,108 - ss_scraper - INFO - Added new listing: 55430318
2025-05-08 22:56:09,136 - ss_scraper - INFO - Added new listing: 54632479
2025-05-08 22:56:09,160 - ss_scraper - INFO - Added new listing: 55089285
2025-05-08 22:56:09,191 - ss_scraper - INFO - Added new listing: 56200691
2025-05-08 22:56:09,217 - ss_scraper - INFO - Added new listing: 55921800
2025-05-08 22:56:11,122 - ss_scraper - INFO - Processed 9 listings for Infiniti Citi
2025-05-08 22:56:11,122 - ss_scraper - INFO - Results: {'new': 9, 'updated': 0, 'unchanged': 0, 'error': 0}
2025-05-08 22:56:12,647 - ss_scraper - INFO - Starting to scrape model: Infiniti Vieglo auto mai\u0146a
2025-05-08 22:56:12,647 - ss_scraper - INFO - Getting listings for Infiniti Vieglo auto mai\u0146a
2025-05-08 22:56:12,647 - ss_scraper - INFO - Checking page 1 at https://www.ss.lv/lv/transport/cars/infiniti/exchange/
2025-05-08 22:56:12,746 - ss_scraper - INFO - Found 3 listings on this page
2025-05-08 22:56:12,747 - ss_scraper - INFO - Found 2 total listings for Infiniti Vieglo auto mai\u0146a
2025-05-08 22:56:12,782 - ss_scraper - INFO - Adding new model: Infiniti Vieglo auto mai\u0146a
2025-05-08 22:56:12,787 - ss_scraper - ERROR - Error saving listing 55963871: (sqlite3.IntegrityError) NOT NULL constraint failed: listings.price
[SQL: INSERT INTO listings (car_id, source_id, external_id, price, listing_date, listing_url, is_active, created_at, updated_at) VALUES (?, ?, ?, ?, ?, ?, ?, ?, ?)]
[parameters: (34, 1, '55963871', None, '2025-05-08', 'https://www.ss.lv/msg/lv/transport/cars/infiniti/q30/cfncec.html', 1, '2025-05-08 22:56:12.787376', '2025-05-08 22:56:12.787376')]
(Background on this error at: https://sqlalche.me/e/20/gkpj)
2025-05-08 22:56:12,806 - ss_scraper - ERROR - Error saving listing 56145562: (sqlite3.IntegrityError) NOT NULL constraint failed: listings.price
[SQL: INSERT INTO listings (car_id, source_id, external_id, price, listing_date, listing_url, is_active, created_at, updated_at) VALUES (?, ?, ?, ?, ?, ?, ?, ?, ?)]
[parameters: (34, 1, '56145562', None, '2025-05-08', 'https://www.ss.lv/msg/lv/transport/cars/infiniti/fx/blxip.html', 1, '2025-05-08 22:56:12.805876', '2025-05-08 22:56:12.805876')]
(Background on this error at: https://sqlalche.me/e/20/gkpj)
2025-05-08 22:56:14,034 - ss_scraper - INFO - Processed 2 listings for Infiniti Vieglo auto mai\u0146a
2025-05-08 22:56:14,034 - ss_scraper - INFO - Results: {'new': 0, 'updated': 0, 'unchanged': 0, 'error': 2}
2025-05-08 22:56:16,545 - ss_scraper - INFO - Finished scraping brand Infiniti. Processed 37 listings.
2025-05-08 22:56:20,226 - ss_scraper - INFO - Starting to scrape brand: Smart
2025-05-08 22:56:20,226 - ss_scraper - INFO - Getting models for Smart
2025-05-08 22:56:20,268 - ss_scraper - INFO - Found 6 models for Smart
2025-05-08 22:56:20,268 - ss_scraper - INFO - Starting to scrape model: Smart Smart Crossblade
2025-05-08 22:56:20,268 - ss_scraper - INFO - Getting listings for Smart Smart Crossblade
2025-05-08 22:56:20,268 - ss_scraper - INFO - Checking page 1 at https://www.ss.lv/lv/transport/cars/smart/crossblade/
2025-05-08 22:56:20,352 - ss_scraper - INFO - Found 0 listings on this page
2025-05-08 22:56:20,353 - ss_scraper - INFO - Found 0 total listings for Smart Smart Crossblade
2025-05-08 22:56:20,353 - ss_scraper - WARNING - No listings found for Smart Smart Crossblade
2025-05-08 22:56:21,721 - ss_scraper - INFO - Starting to scrape model: Smart Smart ForFour
2025-05-08 22:56:21,721 - ss_scraper - INFO - Getting listings for Smart Smart ForFour
2025-05-08 22:56:21,721 - ss_scraper - INFO - Checking page 1 at https://www.ss.lv/lv/transport/cars/smart/forfour/
2025-05-08 22:56:21,796 - ss_scraper - INFO - Found 6 listings on this page
2025-05-08 22:56:21,798 - ss_scraper - INFO - Found 5 total listings for Smart Smart ForFour
2025-05-08 22:56:21,904 - ss_scraper - INFO - Adding new brand: Smart
2025-05-08 22:56:21,907 - ss_scraper - INFO - Adding new model: Smart Smart ForFour
2025-05-08 22:56:21,913 - ss_scraper - INFO - Added new listing: 56341084
2025-05-08 22:56:21,927 - ss_scraper - INFO - Added new listing: 54390045
2025-05-08 22:56:21,941 - ss_scraper - INFO - Added new listing: 56331643
2025-05-08 22:56:21,963 - ss_scraper - INFO - Added new listing: 55916765
2025-05-08 22:56:21,989 - ss_scraper - INFO - Added new listing: 55767179
2025-05-08 22:56:23,724 - ss_scraper - INFO - Processed 5 listings for Smart Smart ForFour
2025-05-08 22:56:23,724 - ss_scraper - INFO - Results: {'new': 5, 'updated': 0, 'unchanged': 0, 'error': 0}
2025-05-08 22:56:25,986 - ss_scraper - INFO - Starting to scrape model: Smart Smart ForTwo
2025-05-08 22:56:25,986 - ss_scraper - INFO - Getting listings for Smart Smart ForTwo
2025-05-08 22:56:25,987 - ss_scraper - INFO - Checking page 1 at https://www.ss.lv/lv/transport/cars/smart/fortwo/
2025-05-08 22:56:26,080 - ss_scraper - INFO - Found 21 listings on this page
2025-05-08 22:56:26,084 - ss_scraper - INFO - Found 20 total listings for Smart Smart ForTwo
2025-05-08 22:56:26,139 - ss_scraper - INFO - Adding new model: Smart Smart ForTwo
2025-05-08 22:56:26,146 - ss_scraper - INFO - Added new listing: 56277624
2025-05-08 22:56:26,160 - ss_scraper - INFO - Added new listing: 56282945
2025-05-08 22:56:26,175 - ss_scraper - INFO - Added new listing: 56221897
2025-05-08 22:56:26,194 - ss_scraper - ERROR - Error saving listing 56337546: (sqlite3.IntegrityError) NOT NULL constraint failed: listings.price
[SQL: INSERT INTO listings (car_id, source_id, external_id, price, listing_date, listing_url, is_active, created_at, updated_at) VALUES (?, ?, ?, ?, ?, ?, ?, ?, ?)]
[parameters: (42, 1, '56337546', None, '2025-05-08', 'https://www.ss.lv/msg/lv/transport/cars/peugeot/107/fcbbe.html', 1, '2025-05-08 22:56:26.194479', '2025-05-08 22:56:26.194479')]
(Background on this error at: https://sqlalche.me/e/20/gkpj)
2025-05-08 22:56:26,226 - ss_scraper - INFO - Added new listing: 55392965
2025-05-08 22:56:26,240 - ss_scraper - INFO - Added new listing: 55675450
2025-05-08 22:56:26,260 - ss_scraper - ERROR - Error saving listing 56329357: (sqlite3.IntegrityError) NOT NULL constraint failed: listings.price
[SQL: INSERT INTO listings (car_id, source_id, external_id, price, listing_date, listing_url, is_active, created_at, updated_at) VALUES (?, ?, ?, ?, ?, ?, ?, ?, ?)]
[parameters: (44, 1, '56329357', None, '2025-05-08', 'https://www.ss.lv/msg/lv/transport/cars/smart/fortwo/cbilx.html', 1, '2025-05-08 22:56:26.259169', '2025-05-08 22:56:26.259169')]
(Background on this error at: https://sqlalche.me/e/20/gkpj)
2025-05-08 22:56:26,280 - ss_scraper - INFO - Added new listing: 56320991
2025-05-08 22:56:26,309 - ss_scraper - INFO - Added new listing: 56309534
2025-05-08 22:56:26,343 - ss_scraper - INFO - Added new listing: 55554048
2025-05-08 22:56:26,369 - ss_scraper - INFO - Added new listing: 56174123
2025-05-08 22:56:26,395 - ss_scraper - INFO - Added new listing: 56108973
2025-05-08 22:56:26,423 - ss_scraper - INFO - Added new listing: 56142142
2025-05-08 22:56:26,447 - ss_scraper - INFO - Added new listing: 56286385
2025-05-08 22:56:26,467 - ss_scraper - INFO - Added new listing: 56284458
2025-05-08 22:56:26,484 - ss_scraper - INFO - Added new listing: 55866475
2025-05-08 22:56:26,514 - ss_scraper - INFO - Added new listing: 53558462
2025-05-08 22:56:26,542 - ss_scraper - INFO - Added new listing: 54341372
2025-05-08 22:56:26,566 - ss_scraper - INFO - Added new listing: 56135614
2025-05-08 22:56:26,586 - ss_scraper - INFO - Added new listing: 56039220
2025-05-08 22:56:28,483 - ss_scraper - INFO - Processed 20 listings for Smart Smart ForTwo
2025-05-08 22:56:28,483 - ss_scraper - INFO - Results: {'new': 18, 'updated': 0, 'unchanged': 0, 'error': 2}
2025-05-08 22:56:30,455 - ss_scraper - INFO - Starting to scrape model: Smart Smart Roadster
2025-05-08 22:56:30,455 - ss_scraper - INFO - Getting listings for Smart Smart Roadster
2025-05-08 22:56:30,456 - ss_scraper - INFO - Checking page 1 at https://www.ss.lv/lv/transport/cars/smart/roadster/
2025-05-08 22:56:30,537 - ss_scraper - INFO - Found 3 listings on this page
2025-05-08 22:56:30,538 - ss_scraper - INFO - Found 2 total listings for Smart Smart Roadster
2025-05-08 22:56:30,601 - ss_scraper - INFO - Adding new model: Smart Smart Roadster
2025-05-08 22:56:30,607 - ss_scraper - INFO - Added new listing: 55829114
2025-05-08 22:56:30,717 - ss_scraper - INFO - Added new listing: 56272014
2025-05-08 22:56:32,198 - ss_scraper - INFO - Processed 2 listings for Smart Smart Roadster
2025-05-08 22:56:32,199 - ss_scraper - INFO - Results: {'new': 2, 'updated': 0, 'unchanged': 0, 'error': 0}
2025-05-08 22:56:34,645 - ss_scraper - INFO - Starting to scrape model: Smart Citi
2025-05-08 22:56:34,646 - ss_scraper - INFO - Getting listings for Smart Citi
2025-05-08 22:56:34,646 - ss_scraper - INFO - Checking page 1 at https://www.ss.lv/lv/transport/cars/smart/another/
2025-05-08 22:56:34,746 - ss_scraper - INFO - Found 0 listings on this page
2025-05-08 22:56:34,747 - ss_scraper - INFO - Found 0 total listings for Smart Citi
2025-05-08 22:56:34,747 - ss_scraper - WARNING - No listings found for Smart Citi
2025-05-08 22:56:36,200 - ss_scraper - INFO - Starting to scrape model: Smart Vieglo auto mai\u0146a
2025-05-08 22:56:36,201 - ss_scraper - INFO - Getting listings for Smart Vieglo auto mai\u0146a
2025-05-08 22:56:36,201 - ss_scraper - INFO - Checking page 1 at https://www.ss.lv/lv/transport/cars/smart/exchange/
2025-05-08 22:56:36,282 - ss_scraper - INFO - Found 3 listings on this page
2025-05-08 22:56:36,284 - ss_scraper - INFO - Found 2 total listings for Smart Vieglo auto mai\u0146a
2025-05-08 22:56:36,310 - ss_scraper - INFO - Adding new model: Smart Vieglo auto mai\u0146a
2025-05-08 22:56:36,316 - ss_scraper - ERROR - Error saving listing 56329357: (sqlite3.IntegrityError) NOT NULL constraint failed: listings.price
[SQL: INSERT INTO listings (car_id, source_id, external_id, price, listing_date, listing_url, is_active, created_at, updated_at) VALUES (?, ?, ?, ?, ?, ?, ?, ?, ?)]
[parameters: (59, 1, '56329357', None, '2025-05-08', 'https://www.ss.lv/msg/lv/transport/cars/smart/fortwo/cbilx.html', 1, '2025-05-08 22:56:36.316251', '2025-05-08 22:56:36.316251')]
(Background on this error at: https://sqlalche.me/e/20/gkpj)
2025-05-08 22:56:36,333 - ss_scraper - ERROR - Error saving listing 56337546: (sqlite3.IntegrityError) NOT NULL constraint failed: listings.price
[SQL: INSERT INTO listings (car_id, source_id, external_id, price, listing_date, listing_url, is_active, created_at, updated_at) VALUES (?, ?, ?, ?, ?, ?, ?, ?, ?)]
[parameters: (59, 1, '56337546', None, '2025-05-08', 'https://www.ss.lv/msg/lv/transport/cars/peugeot/107/fcbbe.html', 1, '2025-05-08 22:56:36.332251', '2025-05-08 22:56:36.332251')]
(Background on this error at: https://sqlalche.me/e/20/gkpj)
2025-05-08 22:56:38,077 - ss_scraper - INFO - Processed 2 listings for Smart Vieglo auto mai\u0146a
2025-05-08 22:56:38,077 - ss_scraper - INFO - Results: {'new': 0, 'updated': 0, 'unchanged': 0, 'error': 2}
2025-05-08 22:56:40,261 - ss_scraper - INFO - Finished scraping brand Smart. Processed 29 listings.
2025-05-08 22:56:44,370 - ss_scraper - INFO - Starting to scrape brand: Suzuki
2025-05-08 22:56:44,370 - ss_scraper - INFO - Getting models for Suzuki
2025-05-08 22:56:44,416 - ss_scraper - INFO - Found 14 models for Suzuki
2025-05-08 22:56:44,417 - ss_scraper - INFO - Starting to scrape model: Suzuki Suzuki Alto
2025-05-08 22:56:44,417 - ss_scraper - INFO - Getting listings for Suzuki Suzuki Alto
2025-05-08 22:56:44,417 - ss_scraper - INFO - Checking page 1 at https://www.ss.lv/lv/transport/cars/suzuki/alto/
2025-05-08 22:56:44,510 - ss_scraper - INFO - Found 2 listings on this page
2025-05-08 22:56:44,511 - ss_scraper - INFO - Found 1 total listings for Suzuki Suzuki Alto
2025-05-08 22:56:44,586 - ss_scraper - INFO - Adding new brand: Suzuki
2025-05-08 22:56:44,589 - ss_scraper - INFO - Adding new model: Suzuki Suzuki Alto
2025-05-08 22:56:44,595 - ss_scraper - INFO - Added new listing: 55993457
2025-05-08 22:56:46,161 - ss_scraper - INFO - Processed 1 listings for Suzuki Suzuki Alto
2025-05-08 22:56:46,162 - ss_scraper - INFO - Results: {'new': 1, 'updated': 0, 'unchanged': 0, 'error': 0}
2025-05-08 22:56:48,165 - ss_scraper - INFO - Starting to scrape model: Suzuki Suzuki Grand Vitara
2025-05-08 22:56:48,166 - ss_scraper - INFO - Getting listings for Suzuki Suzuki Grand Vitara
2025-05-08 22:56:48,166 - ss_scraper - INFO - Checking page 1 at https://www.ss.lv/lv/transport/cars/suzuki/grand-vitara/
2025-05-08 22:56:48,253 - ss_scraper - INFO - Found 13 listings on this page
2025-05-08 22:56:48,256 - ss_scraper - INFO - Found 12 total listings for Suzuki Suzuki Grand Vitara
2025-05-08 22:56:48,286 - ss_scraper - INFO - Adding new model: Suzuki Suzuki Grand Vitara
2025-05-08 22:56:48,294 - ss_scraper - INFO - Added new listing: 56339108
2025-05-08 22:56:48,311 - ss_scraper - ERROR - Error saving listing 55555762: (sqlite3.IntegrityError) NOT NULL constraint failed: cars.year
[SQL: INSERT INTO cars (model_id, region_id, year, engine_volume, engine_type, transmission, mileage, body_type, color, created_at, updated_at) VALUES (?, ?, ?, ?, ?, ?, ?, ?, ?, ?, ?)]
[parameters: (12, 1, None, None, None, None, None, None, None, '2025-05-08 22:56:48.311090', '2025-05-08 22:56:48.311090')]
(Background on this error at: https://sqlalche.me/e/20/gkpj)
2025-05-08 22:56:48,326 - ss_scraper - INFO - Added new listing: 55026363
2025-05-08 22:56:48,344 - ss_scraper - INFO - Added new listing: 56326691
2025-05-08 22:56:48,359 - ss_scraper - INFO - Added new listing: 55606679
2025-05-08 22:56:48,372 - ss_scraper - INFO - Added new listing: 56320471
2025-05-08 22:56:48,391 - ss_scraper - INFO - Added new listing: 56208270
2025-05-08 22:56:48,411 - ss_scraper - INFO - Added new listing: 56110071
2025-05-08 22:56:48,438 - ss_scraper - INFO - Added new listing: 55879537
2025-05-08 22:56:48,467 - ss_scraper - INFO - Added new listing: 56266339
2025-05-08 22:56:48,486 - ss_scraper - INFO - Added new listing: 55965489
2025-05-08 22:56:48,508 - ss_scraper - INFO - Added new listing: 56254700
2025-05-08 22:56:50,140 - ss_scraper - INFO - Processed 12 listings for Suzuki Suzuki Grand Vitara
2025-05-08 22:56:50,140 - ss_scraper - INFO - Results: {'new': 11, 'updated': 0, 'unchanged': 0, 'error': 1}
2025-05-08 22:56:52,972 - ss_scraper - INFO - Starting to scrape model: Suzuki Suzuki Ignis
2025-05-08 22:56:52,972 - ss_scraper - INFO - Getting listings for Suzuki Suzuki Ignis
2025-05-08 22:56:52,972 - ss_scraper - INFO - Checking page 1 at https://www.ss.lv/lv/transport/cars/suzuki/ignis/
2025-05-08 22:56:53,070 - ss_scraper - INFO - Found 2 listings on this page
2025-05-08 22:56:53,071 - ss_scraper - INFO - Found 1 total listings for Suzuki Suzuki Ignis
2025-05-08 22:56:53,137 - ss_scraper - INFO - Adding new model: Suzuki Suzuki Ignis
2025-05-08 22:56:53,144 - ss_scraper - INFO - Added new listing: 54341293
2025-05-08 22:56:53,681 - ss_scraper - INFO - Processed 1 listings for Suzuki Suzuki Ignis
2025-05-08 22:56:53,681 - ss_scraper - INFO - Results: {'new': 1, 'updated': 0, 'unchanged': 0, 'error': 0}
2025-05-08 22:56:55,238 - ss_scraper - INFO - Starting to scrape model: Suzuki Suzuki Jimni
2025-05-08 22:56:55,238 - ss_scraper - INFO - Getting listings for Suzuki Suzuki Jimni
2025-05-08 22:56:55,238 - ss_scraper - INFO - Checking page 1 at https://www.ss.lv/lv/transport/cars/suzuki/jimni/
2025-05-08 22:56:55,272 - ss_scraper - INFO - Found 3 listings on this page
2025-05-08 22:56:55,274 - ss_scraper - INFO - Found 2 total listings for Suzuki Suzuki Jimni
2025-05-08 22:56:55,334 - ss_scraper - INFO - Adding new model: Suzuki Suzuki Jimni
2025-05-08 22:56:55,341 - ss_scraper - INFO - Added new listing: 56302901
2025-05-08 22:56:55,367 - ss_scraper - INFO - Added new listing: 56308801
2025-05-08 22:56:57,197 - ss_scraper - INFO - Processed 2 listings for Suzuki Suzuki Jimni
2025-05-08 22:56:57,197 - ss_scraper - INFO - Results: {'new': 2, 'updated': 0, 'unchanged': 0, 'error': 0}
2025-05-08 22:56:58,244 - ss_scraper - INFO - Starting to scrape model: Suzuki Suzuki Jimny
2025-05-08 22:56:58,244 - ss_scraper - INFO - Getting listings for Suzuki Suzuki Jimny
2025-05-08 22:56:58,245 - ss_scraper - INFO - Checking page 1 at https://www.ss.lv/lv/transport/cars/suzuki/jimny/
2025-05-08 22:56:58,273 - ss_scraper - INFO - Found 11 listings on this page
2025-05-08 22:56:58,277 - ss_scraper - INFO - Found 10 total listings for Suzuki Suzuki Jimny
2025-05-08 22:56:58,335 - ss_scraper - INFO - Adding new model: Suzuki Suzuki Jimny
2025-05-08 22:56:58,343 - ss_scraper - INFO - Added new listing: 55183582
2025-05-08 22:56:58,359 - ss_scraper - INFO - Added new listing: 56312234
2025-05-08 22:56:58,377 - ss_scraper - INFO - Added new listing: 55255184
2025-05-08 22:56:58,390 - ss_scraper - INFO - Added new listing: 55651363
2025-05-08 22:56:58,406 - ss_scraper - INFO - Added new listing: 55994551
2025-05-08 22:56:58,435 - ss_scraper - INFO - Added new listing: 55898463
2025-05-08 22:56:58,455 - ss_scraper - INFO - Added new listing: 56179973
2025-05-08 22:56:58,483 - ss_scraper - INFO - Added new listing: 55936661
2025-05-08 22:56:58,510 - ss_scraper - INFO - Added new listing: 55668230
2025-05-08 22:56:58,540 - ss_scraper - INFO - Added new listing: 56246001
2025-05-08 22:57:00,246 - ss_scraper - INFO - Processed 10 listings for Suzuki Suzuki Jimny
2025-05-08 22:57:00,247 - ss_scraper - INFO - Results: {'new': 10, 'updated': 0, 'unchanged': 0, 'error': 0}
2025-05-08 22:57:01,816 - ss_scraper - INFO - Starting to scrape model: Suzuki Suzuki Liana
2025-05-08 22:57:01,816 - ss_scraper - INFO - Getting listings for Suzuki Suzuki Liana
2025-05-08 22:57:01,816 - ss_scraper - INFO - Checking page 1 at https://www.ss.lv/lv/transport/cars/suzuki/liana/
2025-05-08 22:57:01,911 - ss_scraper - INFO - Found 4 listings on this page
2025-05-08 22:57:01,913 - ss_scraper - INFO - Found 3 total listings for Suzuki Suzuki Liana
2025-05-08 22:57:01,976 - ss_scraper - INFO - Adding new model: Suzuki Suzuki Liana
2025-05-08 22:57:01,982 - ss_scraper - INFO - Added new listing: 56331076
2025-05-08 22:57:01,997 - ss_scraper - INFO - Added new listing: 56337010
2025-05-08 22:57:02,010 - ss_scraper - INFO - Added new listing: 55410083
2025-05-08 22:57:03,881 - ss_scraper - INFO - Processed 3 listings for Suzuki Suzuki Liana
2025-05-08 22:57:03,882 - ss_scraper - INFO - Results: {'new': 3, 'updated': 0, 'unchanged': 0, 'error': 0}
2025-05-08 22:57:05,238 - ss_scraper - INFO - Starting to scrape model: Suzuki Suzuki Samurai
2025-05-08 22:57:05,238 - ss_scraper - INFO - Getting listings for Suzuki Suzuki Samurai
2025-05-08 22:57:05,238 - ss_scraper - INFO - Checking page 1 at https://www.ss.lv/lv/transport/cars/suzuki/samurai/
2025-05-08 22:57:05,329 - ss_scraper - INFO - Found 4 listings on this page
2025-05-08 22:57:05,330 - ss_scraper - INFO - Found 3 total listings for Suzuki Suzuki Samurai
2025-05-08 22:57:05,362 - ss_scraper - INFO - Adding new model: Suzuki Suzuki Samurai
2025-05-08 22:57:05,373 - ss_scraper - INFO - Added new listing: 55859335
2025-05-08 22:57:05,397 - ss_scraper - INFO - Added new listing: 56324766
2025-05-08 22:57:05,410 - ss_scraper - ERROR - Error saving listing 54644471: (sqlite3.IntegrityError) NOT NULL constraint failed: listings.price
[SQL: INSERT INTO listings (car_id, source_id, external_id, price, listing_date, listing_url, is_active, created_at, updated_at) VALUES (?, ?, ?, ?, ?, ?, ?, ?, ?)]
[parameters: (89, 1, '54644471', None, '2025-05-08', 'https://www.ss.lv/msg/lv/transport/cars/suzuki/samurai/hiexn.html', 1, '2025-05-08 22:57:05.410062', '2025-05-08 22:57:05.410062')]
(Background on this error at: https://sqlalche.me/e/20/gkpj)
2025-05-08 22:57:06,731 - ss_scraper - INFO - Processed 3 listings for Suzuki Suzuki Samurai
2025-05-08 22:57:06,732 - ss_scraper - INFO - Results: {'new': 2, 'updated': 0, 'unchanged': 0, 'error': 1}
2025-05-08 22:57:07,935 - ss_scraper - INFO - Starting to scrape model: Suzuki Suzuki SJ 410
2025-05-08 22:57:07,935 - ss_scraper - INFO - Getting listings for Suzuki Suzuki SJ 410
2025-05-08 22:57:07,935 - ss_scraper - INFO - Checking page 1 at https://www.ss.lv/lv/transport/cars/suzuki/sj-410/
2025-05-08 22:57:08,032 - ss_scraper - INFO - Found 2 listings on this page
2025-05-08 22:57:08,034 - ss_scraper - INFO - Found 1 total listings for Suzuki Suzuki SJ 410
2025-05-08 22:57:08,061 - ss_scraper - INFO - Adding new model: Suzuki Suzuki SJ 410
2025-05-08 22:57:08,067 - ss_scraper - INFO - Added new listing: 56046803
2025-05-08 22:57:08,582 - ss_scraper - INFO - Processed 1 listings for Suzuki Suzuki SJ 410
2025-05-08 22:57:08,583 - ss_scraper - INFO - Results: {'new': 1, 'updated': 0, 'unchanged': 0, 'error': 0}
2025-05-08 22:57:11,312 - ss_scraper - INFO - Starting to scrape model: Suzuki Suzuki Swift
2025-05-08 22:57:11,312 - ss_scraper - INFO - Getting listings for Suzuki Suzuki Swift
2025-05-08 22:57:11,312 - ss_scraper - INFO - Checking page 1 at https://www.ss.lv/lv/transport/cars/suzuki/swift/
2025-05-08 22:57:11,418 - ss_scraper - INFO - Found 3 listings on this page
2025-05-08 22:57:11,419 - ss_scraper - INFO - Found 2 total listings for Suzuki Suzuki Swift
2025-05-08 22:57:11,479 - ss_scraper - INFO - Adding new model: Suzuki Suzuki Swift
2025-05-08 22:57:11,485 - ss_scraper - INFO - Added new listing: 56276311
2025-05-08 22:57:11,500 - ss_scraper - INFO - Added new listing: 56113138
2025-05-08 22:57:13,364 - ss_scraper - INFO - Processed 2 listings for Suzuki Suzuki Swift
2025-05-08 22:57:13,364 - ss_scraper - INFO - Results: {'new': 2, 'updated': 0, 'unchanged': 0, 'error': 0}
2025-05-08 22:57:15,075 - ss_scraper - INFO - Starting to scrape model: Suzuki Suzuki SX4
2025-05-08 22:57:15,075 - ss_scraper - INFO - Getting listings for Suzuki Suzuki SX4
2025-05-08 22:57:15,075 - ss_scraper - INFO - Checking page 1 at https://www.ss.lv/lv/transport/cars/suzuki/sx4/
2025-05-08 22:57:15,166 - ss_scraper - INFO - Found 8 listings on this page
2025-05-08 22:57:15,168 - ss_scraper - INFO - Found 7 total listings for Suzuki Suzuki SX4
2025-05-08 22:57:15,201 - ss_scraper - INFO - Adding new model: Suzuki Suzuki SX4
2025-05-08 22:57:15,207 - ss_scraper - INFO - Added new listing: 56131611
2025-05-08 22:57:15,223 - ss_scraper - INFO - Added new listing: 56339455
2025-05-08 22:57:15,240 - ss_scraper - INFO - Added new listing: 55902865
2025-05-08 22:57:15,260 - ss_scraper - INFO - Added new listing: 55618593
2025-05-08 22:57:15,276 - ss_scraper - INFO - Added new listing: 55883238
2025-05-08 22:57:15,381 - ss_scraper - ERROR - Error saving listing 56034763: (sqlite3.IntegrityError) NOT NULL constraint failed: listings.price
[SQL: INSERT INTO listings (car_id, source_id, external_id, price, listing_date, listing_url, is_active, created_at, updated_at) VALUES (?, ?, ?, ?, ?, ?, ?, ?, ?)]
[parameters: (97, 1, '56034763', None, '2025-05-08', 'https://www.ss.lv/msg/lv/transport/cars/suzuki/sx4/cxcgid.html', 1, '2025-05-08 22:57:15.380118', '2025-05-08 22:57:15.380118')]
(Background on this error at: https://sqlalche.me/e/20/gkpj)
2025-05-08 22:57:15,400 - ss_scraper - INFO - Added new listing: 56034761
2025-05-08 22:57:17,064 - ss_scraper - INFO - Processed 7 listings for Suzuki Suzuki SX4
2025-05-08 22:57:17,065 - ss_scraper - INFO - Results: {'new': 6, 'updated': 0, 'unchanged': 0, 'error': 1}
2025-05-08 22:57:19,266 - ss_scraper - INFO - Starting to scrape model: Suzuki Suzuki Vitara
2025-05-08 22:57:19,267 - ss_scraper - INFO - Getting listings for Suzuki Suzuki Vitara
2025-05-08 22:57:19,267 - ss_scraper - INFO - Checking page 1 at https://www.ss.lv/lv/transport/cars/suzuki/vitara/
2025-05-08 22:57:19,321 - ss_scraper - INFO - Found 18 listings on this page
2025-05-08 22:57:19,324 - ss_scraper - INFO - Found 17 total listings for Suzuki Suzuki Vitara
2025-05-08 22:57:19,352 - ss_scraper - INFO - Adding new model: Suzuki Suzuki Vitara
2025-05-08 22:57:19,360 - ss_scraper - INFO - Added new listing: 56257606
2025-05-08 22:57:19,374 - ss_scraper - INFO - Added new listing: 56062743
2025-05-08 22:57:19,388 - ss_scraper - INFO - Added new listing: 56188082
2025-05-08 22:57:19,409 - ss_scraper - INFO - Added new listing: 56162503
2025-05-08 22:57:19,427 - ss_scraper - INFO - Added new listing: 56333036
2025-05-08 22:57:19,445 - ss_scraper - INFO - Added new listing: 56070812
2025-05-08 22:57:19,461 - ss_scraper - INFO - Added new listing: 56140084
2025-05-08 22:57:19,475 - ss_scraper - INFO - Added new listing: 56224574
2025-05-08 22:57:19,484 - ss_scraper - ERROR - Error saving listing 55833646: (sqlite3.IntegrityError) NOT NULL constraint failed: cars.year
[SQL: INSERT INTO cars (model_id, region_id, year, engine_volume, engine_type, transmission, mileage, body_type, color, created_at, updated_at) VALUES (?, ?, ?, ?, ?, ?, ?, ?, ?, ?, ?)]
[parameters: (21, 1, None, None, None, None, None, None, None, '2025-05-08 22:57:19.484289', '2025-05-08 22:57:19.484289')]
(Background on this error at: https://sqlalche.me/e/20/gkpj)
2025-05-08 22:57:19,502 - ss_scraper - INFO - Added new listing: 56064345
2025-05-08 22:57:19,519 - ss_scraper - INFO - Added new listing: 56178887
2025-05-08 22:57:19,534 - ss_scraper - INFO - Added new listing: 56218877
2025-05-08 22:57:19,549 - ss_scraper - INFO - Added new listing: 56294699
2025-05-08 22:57:19,564 - ss_scraper - INFO - Added new listing: 56218931
2025-05-08 22:57:19,582 - ss_scraper - INFO - Added new listing: 56156608
2025-05-08 22:57:19,600 - ss_scraper - INFO - Added new listing: 56265324
2025-05-08 22:57:19,617 - ss_scraper - INFO - Added new listing: 54040917
2025-05-08 22:57:21,459 - ss_scraper - INFO - Processed 17 listings for Suzuki Suzuki Vitara
2025-05-08 22:57:21,459 - ss_scraper - INFO - Results: {'new': 16, 'updated': 0, 'unchanged': 0, 'error': 1}
2025-05-08 22:57:22,573 - ss_scraper - INFO - Starting to scrape model: Suzuki Suzuki X-90
2025-05-08 22:57:22,573 - ss_scraper - INFO - Getting listings for Suzuki Suzuki X-90
2025-05-08 22:57:22,574 - ss_scraper - INFO - Checking page 1 at https://www.ss.lv/lv/transport/cars/suzuki/x-90/
2025-05-08 22:57:22,660 - ss_scraper - INFO - Found 3 listings on this page
2025-05-08 22:57:22,662 - ss_scraper - INFO - Found 2 total listings for Suzuki Suzuki X-90
2025-05-08 22:57:22,721 - ss_scraper - INFO - Adding new model: Suzuki Suzuki X-90
2025-05-08 22:57:22,731 - ss_scraper - INFO - Added new listing: 55815289
2025-05-08 22:57:22,747 - ss_scraper - INFO - Added new listing: 56220373
2025-05-08 22:57:24,226 - ss_scraper - INFO - Processed 2 listings for Suzuki Suzuki X-90
2025-05-08 22:57:24,226 - ss_scraper - INFO - Results: {'new': 2, 'updated': 0, 'unchanged': 0, 'error': 0}
2025-05-08 22:57:25,548 - ss_scraper - INFO - Starting to scrape model: Suzuki Citi
2025-05-08 22:57:25,548 - ss_scraper - INFO - Getting listings for Suzuki Citi
2025-05-08 22:57:25,549 - ss_scraper - INFO - Checking page 1 at https://www.ss.lv/lv/transport/cars/suzuki/another/
2025-05-08 22:57:25,649 - ss_scraper - INFO - Found 4 listings on this page
2025-05-08 22:57:25,650 - ss_scraper - INFO - Found 3 total listings for Suzuki Citi
2025-05-08 22:57:25,705 - ss_scraper - INFO - Adding new model: Suzuki Citi
2025-05-08 22:57:25,710 - ss_scraper - ERROR - Error saving listing 53375486: (sqlite3.IntegrityError) NOT NULL constraint failed: cars.year
[SQL: INSERT INTO cars (model_id, region_id, year, engine_volume, engine_type, transmission, mileage, body_type, color, created_at, updated_at) VALUES (?, ?, ?, ?, ?, ?, ?, ?, ?, ?, ?)]
[parameters: (23, 1, None, None, None, None, None, None, None, '2025-05-08 22:57:25.709894', '2025-05-08 22:57:25.709894')]
(Background on this error at: https://sqlalche.me/e/20/gkpj)
2025-05-08 22:57:25,719 - ss_scraper - ERROR - Error saving listing 52177755: (sqlite3.IntegrityError) NOT NULL constraint failed: cars.year
[SQL: INSERT INTO cars (model_id, region_id, year, engine_volume, engine_type, transmission, mileage, body_type, color, created_at, updated_at) VALUES (?, ?, ?, ?, ?, ?, ?, ?, ?, ?, ?)]
[parameters: (23, 1, None, None, None, None, None, None, None, '2025-05-08 22:57:25.718894', '2025-05-08 22:57:25.718894')]
(Background on this error at: https://sqlalche.me/e/20/gkpj)
2025-05-08 22:57:25,737 - ss_scraper - INFO - Added new listing: 55066776
2025-05-08 22:57:27,600 - ss_scraper - INFO - Processed 3 listings for Suzuki Citi
2025-05-08 22:57:27,601 - ss_scraper - INFO - Results: {'new': 1, 'updated': 0, 'unchanged': 0, 'error': 2}
2025-05-08 22:57:30,358 - ss_scraper - INFO - Starting to scrape model: Suzuki Vieglo auto mai\u0146a
2025-05-08 22:57:30,358 - ss_scraper - INFO - Getting listings for Suzuki Vieglo auto mai\u0146a
2025-05-08 22:57:30,358 - ss_scraper - INFO - Checking page 1 at https://www.ss.lv/lv/transport/cars/suzuki/exchange/
2025-05-08 22:57:30,446 - ss_scraper - INFO - Found 3 listings on this page
2025-05-08 22:57:30,447 - ss_scraper - INFO - Found 2 total listings for Suzuki Vieglo auto mai\u0146a
2025-05-08 22:57:30,486 - ss_scraper - INFO - Adding new model: Suzuki Vieglo auto mai\u0146a
2025-05-08 22:57:30,491 - ss_scraper - ERROR - Error saving listing 56034763: (sqlite3.IntegrityError) NOT NULL constraint failed: listings.price
[SQL: INSERT INTO listings (car_id, source_id, external_id, price, listing_date, listing_url, is_active, created_at, updated_at) VALUES (?, ?, ?, ?, ?, ?, ?, ?, ?)]
[parameters: (117, 1, '56034763', None, '2025-05-08', 'https://www.ss.lv/msg/lv/transport/cars/suzuki/sx4/cxcgid.html', 1, '2025-05-08 22:57:30.490504', '2025-05-08 22:57:30.490504')]
(Background on this error at: https://sqlalche.me/e/20/gkpj)
2025-05-08 22:57:30,503 - ss_scraper - ERROR - Error saving listing 54644471: (sqlite3.IntegrityError) NOT NULL constraint failed: listings.price
[SQL: INSERT INTO listings (car_id, source_id, external_id, price, listing_date, listing_url, is_active, created_at, updated_at) VALUES (?, ?, ?, ?, ?, ?, ?, ?, ?)]
[parameters: (117, 1, '54644471', None, '2025-05-08', 'https://www.ss.lv/msg/lv/transport/cars/suzuki/samurai/hiexn.html', 1, '2025-05-08 22:57:30.503005', '2025-05-08 22:57:30.503005')]
(Background on this error at: https://sqlalche.me/e/20/gkpj)
2025-05-08 22:57:32,314 - ss_scraper - INFO - Processed 2 listings for Suzuki Vieglo auto mai\u0146a
2025-05-08 22:57:32,314 - ss_scraper - INFO - Results: {'new': 0, 'updated': 0, 'unchanged': 0, 'error': 2}
2025-05-08 22:57:34,856 - ss_scraper - INFO - Finished scraping brand Suzuki. Processed 66 listings.
2025-05-08 22:57:39,615 - ss_scraper - INFO - Starting to scrape brand: Tesla
2025-05-08 22:57:39,615 - ss_scraper - INFO - Getting models for Tesla
2025-05-08 22:57:39,707 - ss_scraper - INFO - Found 5 models for Tesla
2025-05-08 22:57:39,707 - ss_scraper - INFO - Starting to scrape model: Tesla Tesla Model 3
2025-05-08 22:57:39,708 - ss_scraper - INFO - Getting listings for Tesla Tesla Model 3
2025-05-08 22:57:39,708 - ss_scraper - INFO - Checking page 1 at https://www.ss.lv/lv/transport/cars/tesla/model-3/
2025-05-08 22:57:39,804 - ss_scraper - INFO - Found 31 listings on this page
2025-05-08 22:57:39,809 - ss_scraper - INFO - Found 30 total listings for Tesla Tesla Model 3
2025-05-08 22:57:39,877 - ss_scraper - INFO - Adding new brand: Tesla
2025-05-08 22:57:39,881 - ss_scraper - INFO - Adding new model: Tesla Tesla Model 3
2025-05-08 22:57:39,887 - ss_scraper - INFO - Added new listing: 55758488
2025-05-08 22:57:39,907 - ss_scraper - INFO - Added new listing: 56162234
2025-05-08 22:57:39,926 - ss_scraper - INFO - Added new listing: 56205466
2025-05-08 22:57:39,942 - ss_scraper - INFO - Added new listing: 56330989
2025-05-08 22:57:39,980 - ss_scraper - ERROR - Error saving listing 55794532: (sqlite3.IntegrityError) NOT NULL constraint failed: listings.price
[SQL: INSERT INTO listings (car_id, source_id, external_id, price, listing_date, listing_url, is_active, created_at, updated_at) VALUES (?, ?, ?, ?, ?, ?, ?, ?, ?)]
[parameters: (121, 1, '55794532', None, '2025-05-08', 'https://www.ss.lv/msg/lv/transport/cars/tesla/model-3/cfldix.html', 1, '2025-05-08 22:57:39.979914', '2025-05-08 22:57:39.979914')]
(Background on this error at: https://sqlalche.me/e/20/gkpj)
2025-05-08 22:57:40,009 - ss_scraper - INFO - Added new listing: 56133187
2025-05-08 22:57:40,031 - ss_scraper - INFO - Added new listing: 56165325
2025-05-08 22:57:40,069 - ss_scraper - INFO - Added new listing: 56240770
2025-05-08 22:57:40,109 - ss_scraper - INFO - Added new listing: 56227746
2025-05-08 22:57:40,154 - ss_scraper - INFO - Added new listing: 56308441
2025-05-08 22:57:40,171 - ss_scraper - ERROR - Error saving listing 56132058: (sqlite3.IntegrityError) NOT NULL constraint failed: cars.year
[SQL: INSERT INTO cars (model_id, region_id, year, engine_volume, engine_type, transmission, mileage, body_type, color, created_at, updated_at) VALUES (?, ?, ?, ?, ?, ?, ?, ?, ?, ?, ?)]
[parameters: (25, 1, None, None, None, None, None, None, None, '2025-05-08 22:57:40.170807', '2025-05-08 22:57:40.170807')]
(Background on this error at: https://sqlalche.me/e/20/gkpj)
2025-05-08 22:57:40,207 - ss_scraper - INFO - Added new listing: 55941718
2025-05-08 22:57:40,237 - ss_scraper - INFO - Added new listing: 56091748
2025-05-08 22:57:40,268 - ss_scraper - INFO - Added new listing: 56021507
2025-05-08 22:57:40,304 - ss_scraper - INFO - Added new listing: 55748649
2025-05-08 22:57:40,334 - ss_scraper - INFO - Added new listing: 56315501
2025-05-08 22:57:40,362 - ss_scraper - INFO - Added new listing: 56279213
2025-05-08 22:57:40,396 - ss_scraper - INFO - Added new listing: 55750307
2025-05-08 22:57:40,421 - ss_scraper - INFO - Added new listing: 56279176
2025-05-08 22:57:40,433 - ss_scraper - INFO - Added new listing: 56311160
2025-05-08 22:57:40,455 - ss_scraper - INFO - Added new listing: 56273714
2025-05-08 22:57:40,482 - ss_scraper - INFO - Added new listing: 56273736
2025-05-08 22:57:40,566 - ss_scraper - INFO - Added new listing: 56306638
2025-05-08 22:57:40,585 - ss_scraper - INFO - Added new listing: 56306542
2025-05-08 22:57:40,601 - ss_scraper - INFO - Added new listing: 56221656
2025-05-08 22:57:40,625 - ss_scraper - INFO - Added new listing: 56305772
2025-05-08 22:57:40,651 - ss_scraper - INFO - Added new listing: 56303258
2025-05-08 22:57:40,673 - ss_scraper - INFO - Added new listing: 56302828
2025-05-08 22:57:40,690 - ss_scraper - INFO - Added new listing: 56035568
2025-05-08 22:57:40,711 - ss_scraper - INFO - Added new listing: 56305809
2025-05-08 22:57:42,573 - ss_scraper - INFO - Processed 30 listings for Tesla Tesla Model 3
2025-05-08 22:57:42,574 - ss_scraper - INFO - Results: {'new': 28, 'updated': 0, 'unchanged': 0, 'error': 2}
2025-05-08 22:57:45,302 - ss_scraper - INFO - Starting to scrape model: Tesla Tesla Model S
2025-05-08 22:57:45,302 - ss_scraper - INFO - Getting listings for Tesla Tesla Model S
2025-05-08 22:57:45,303 - ss_scraper - INFO - Checking page 1 at https://www.ss.lv/lv/transport/cars/tesla/model-s/
2025-05-08 22:57:45,383 - ss_scraper - INFO - Found 20 listings on this page
2025-05-08 22:57:45,387 - ss_scraper - INFO - Found 19 total listings for Tesla Tesla Model S
2025-05-08 22:57:45,435 - ss_scraper - INFO - Adding new model: Tesla Tesla Model S
2025-05-08 22:57:45,441 - ss_scraper - INFO - Added new listing: 55826057
2025-05-08 22:57:45,453 - ss_scraper - INFO - Added new listing: 56256069
2025-05-08 22:57:45,471 - ss_scraper - INFO - Added new listing: 56329160
2025-05-08 22:57:45,490 - ss_scraper - INFO - Added new listing: 56242524
2025-05-08 22:57:45,534 - ss_scraper - INFO - Added new listing: 56323864
2025-05-08 22:57:45,550 - ss_scraper - INFO - Added new listing: 56092783
2025-05-08 22:57:45,583 - ss_scraper - INFO - Added new listing: 56214032
2025-05-08 22:57:45,607 - ss_scraper - INFO - Added new listing: 56226091
2025-05-08 22:57:45,633 - ss_scraper - INFO - Added new listing: 56287044
2025-05-08 22:57:45,663 - ss_scraper - INFO - Added new listing: 55885579
2025-05-08 22:57:45,688 - ss_scraper - INFO - Added new listing: 56052401
2025-05-08 22:57:45,717 - ss_scraper - INFO - Added new listing: 56284015
2025-05-08 22:57:45,741 - ss_scraper - INFO - Added new listing: 56079697
2025-05-08 22:57:45,766 - ss_scraper - INFO - Added new listing: 56025024
2025-05-08 22:57:45,793 - ss_scraper - INFO - Added new listing: 55823235
2025-05-08 22:57:45,831 - ss_scraper - INFO - Added new listing: 56101526
2025-05-08 22:57:45,843 - ss_scraper - INFO - Added new listing: 56219138
2025-05-08 22:57:45,872 - ss_scraper - INFO - Added new listing: 55957038
2025-05-08 22:57:45,903 - ss_scraper - INFO - Added new listing: 56278362
2025-05-08 22:57:47,755 - ss_scraper - INFO - Processed 19 listings for Tesla Tesla Model S
2025-05-08 22:57:47,755 - ss_scraper - INFO - Results: {'new': 19, 'updated': 0, 'unchanged': 0, 'error': 0}
2025-05-08 22:57:48,833 - ss_scraper - INFO - Starting to scrape model: Tesla Tesla Model X
2025-05-08 22:57:48,833 - ss_scraper - INFO - Getting listings for Tesla Tesla Model X
2025-05-08 22:57:48,833 - ss_scraper - INFO - Checking page 1 at https://www.ss.lv/lv/transport/cars/tesla/model-x/
2025-05-08 22:57:48,917 - ss_scraper - INFO - Found 9 listings on this page
2025-05-08 22:57:48,919 - ss_scraper - INFO - Found 8 total listings for Tesla Tesla Model X
2025-05-08 22:57:48,980 - ss_scraper - INFO - Adding new model: Tesla Tesla Model X
2025-05-08 22:57:48,987 - ss_scraper - INFO - Added new listing: 56176897
2025-05-08 22:57:49,007 - ss_scraper - INFO - Added new listing: 56024425
2025-05-08 22:57:49,025 - ss_scraper - INFO - Added new listing: 56307453
2025-05-08 22:57:49,046 - ss_scraper - INFO - Added new listing: 56093641
2025-05-08 22:57:49,078 - ss_scraper - INFO - Added new listing: 56261096
2025-05-08 22:57:49,096 - ss_scraper - INFO - Added new listing: 56128172
2025-05-08 22:57:49,126 - ss_scraper - INFO - Added new listing: 56049118
2025-05-08 22:57:49,172 - ss_scraper - INFO - Added new listing: 56100683
2025-05-08 22:57:50,944 - ss_scraper - INFO - Processed 8 listings for Tesla Tesla Model X
2025-05-08 22:57:50,944 - ss_scraper - INFO - Results: {'new': 8, 'updated': 0, 'unchanged': 0, 'error': 0}
2025-05-08 22:57:52,790 - ss_scraper - INFO - Starting to scrape model: Tesla Tesla Model Y
2025-05-08 22:57:52,790 - ss_scraper - INFO - Getting listings for Tesla Tesla Model Y
2025-05-08 22:57:52,791 - ss_scraper - INFO - Checking page 1 at https://www.ss.lv/lv/transport/cars/tesla/model-y/
2025-05-08 22:57:52,829 - ss_scraper - INFO - Found 16 listings on this page
2025-05-08 22:57:52,832 - ss_scraper - INFO - Found 15 total listings for Tesla Tesla Model Y
2025-05-08 22:57:52,869 - ss_scraper - INFO - Adding new model: Tesla Tesla Model Y
2025-05-08 22:57:52,876 - ss_scraper - INFO - Added new listing: 56338298
2025-05-08 22:57:52,891 - ss_scraper - INFO - Added new listing: 56283344
2025-05-08 22:57:52,908 - ss_scraper - INFO - Added new listing: 55927936
2025-05-08 22:57:52,921 - ss_scraper - INFO - Added new listing: 56236893
2025-05-08 22:57:52,937 - ss_scraper - INFO - Added new listing: 55930680
2025-05-08 22:57:52,967 - ss_scraper - INFO - Added new listing: 56192003
2025-05-08 22:57:52,988 - ss_scraper - INFO - Added new listing: 56311761
2025-05-08 22:57:53,001 - ss_scraper - INFO - Added new listing: 56187143
2025-05-08 22:57:53,019 - ss_scraper - INFO - Added new listing: 55837597
2025-05-08 22:57:53,043 - ss_scraper - INFO - Added new listing: 56189392
2025-05-08 22:57:53,076 - ss_scraper - INFO - Added new listing: 56054830
2025-05-08 22:57:53,101 - ss_scraper - INFO - Added new listing: 56224850
2025-05-08 22:57:53,173 - ss_scraper - INFO - Added new listing: 56262373
2025-05-08 22:57:53,188 - ss_scraper - INFO - Added new listing: 56171198
2025-05-08 22:57:53,206 - ss_scraper - INFO - Added new listing: 56260424
2025-05-08 22:57:54,996 - ss_scraper - INFO - Processed 15 listings for Tesla Tesla Model Y
2025-05-08 22:57:54,996 - ss_scraper - INFO - Results: {'new': 15, 'updated': 0, 'unchanged': 0, 'error': 0}
2025-05-08 22:57:56,059 - ss_scraper - INFO - Starting to scrape model: Tesla Vieglo auto mai\u0146a
2025-05-08 22:57:56,060 - ss_scraper - INFO - Getting listings for Tesla Vieglo auto mai\u0146a
2025-05-08 22:57:56,060 - ss_scraper - INFO - Checking page 1 at https://www.ss.lv/lv/transport/cars/tesla/exchange/
2025-05-08 22:57:56,130 - ss_scraper - INFO - Found 2 listings on this page
2025-05-08 22:57:56,131 - ss_scraper - INFO - Found 1 total listings for Tesla Vieglo auto mai\u0146a
2025-05-08 22:57:56,164 - ss_scraper - INFO - Adding new model: Tesla Vieglo auto mai\u0146a
2025-05-08 22:57:56,169 - ss_scraper - ERROR - Error saving listing 55794532: (sqlite3.IntegrityError) NOT NULL constraint failed: listings.price
[SQL: INSERT INTO listings (car_id, source_id, external_id, price, listing_date, listing_url, is_active, created_at, updated_at) VALUES (?, ?, ?, ?, ?, ?, ?, ?, ?)]
[parameters: (187, 1, '55794532', None, '2025-05-08', 'https://www.ss.lv/msg/lv/transport/cars/tesla/model-3/cfldix.html', 1, '2025-05-08 22:57:56.168696', '2025-05-08 22:57:56.168696')]
(Background on this error at: https://sqlalche.me/e/20/gkpj)
2025-05-08 22:57:56,845 - ss_scraper - INFO - Processed 1 listings for Tesla Vieglo auto mai\u0146a
2025-05-08 22:57:56,845 - ss_scraper - INFO - Results: {'new': 0, 'updated': 0, 'unchanged': 0, 'error': 1}
2025-05-08 22:57:58,787 - ss_scraper - INFO - Finished scraping brand Tesla. Processed 73 listings.
2025-05-08 22:58:02,502 - ss_scraper - INFO - No listings to mark as inactive
2025-05-08 22:58:02,506 - ss_scraper - INFO - Scraping completed at 2025-05-08 22:58:02.506542
2025-05-08 22:58:02,506 - ss_scraper - INFO - Total time: 128.78 seconds
2025-05-08 22:58:02,507 - ss_scraper - INFO - Total listings processed: 205
2025-05-08 22:58:02,507 - ss_scraper - INFO - New listings: 186
2025-05-08 22:58:02,507 - ss_scraper - INFO - Updated listings: 0
2025-05-08 22:58:02,507 - ss_scraper - INFO - Errors: 0
2025-05-08 22:58:02,507 - car_app - INFO - Scraping process completed
2025-05-08 22:58:02,507 - car_app - INFO - Scraping successful: 205 listings processed
2025-05-08 22:58:02,507 - car_app - INFO - New: 186, Updated: 0
2025-05-08 22:58:34,942 - car_app - INFO - Starting API server on port 5000
2025-05-08 22:58:34,975 - werkzeug - INFO - [31m[1mWARNING: This is a development server. Do not use it in a production deployment. Use a production WSGI server instead.[0m
 * Running on all addresses (0.0.0.0)
 * Running on http://127.0.0.1:5000
 * Running on http://192.168.0.246:5000
2025-05-08 22:58:34,975 - werkzeug - INFO - [33mPress CTRL+C to quit[0m
2025-05-08 22:58:34,976 - werkzeug - INFO -  * Restarting with stat
2025-05-08 22:58:36,248 - car_app - INFO - Starting API server on port 5000
2025-05-08 22:58:36,258 - werkzeug - WARNING -  * Debugger is active!
2025-05-08 22:58:36,260 - werkzeug - INFO -  * Debugger PIN: 149-658-108
2025-05-08 23:00:06,082 - werkzeug - INFO - 127.0.0.1 - - [08/May/2025 23:00:06] "GET /api/status HTTP/1.1" 200 -
2025-05-08 23:00:06,253 - werkzeug - INFO - 127.0.0.1 - - [08/May/2025 23:00:06] "GET /api/status HTTP/1.1" 200 -
2025-05-08 23:00:06,386 - werkzeug - INFO - 127.0.0.1 - - [08/May/2025 23:00:06] "GET /api/status HTTP/1.1" 200 -
2025-05-08 23:00:06,876 - werkzeug - INFO - 127.0.0.1 - - [08/May/2025 23:00:06] "GET /api/status HTTP/1.1" 200 -
2025-05-08 23:00:06,879 - werkzeug - INFO - 127.0.0.1 - - [08/May/2025 23:00:06] "GET /api/status HTTP/1.1" 200 -
2025-05-08 23:00:07,212 - werkzeug - INFO - 127.0.0.1 - - [08/May/2025 23:00:07] "GET /api/status HTTP/1.1" 200 -
2025-05-08 23:00:07,336 - car_analysis - INFO - Retrieved 0 popular brands
2025-05-08 23:00:07,337 - werkzeug - INFO - 127.0.0.1 - - [08/May/2025 23:00:07] "GET /api/popular/brands?limit=20 HTTP/1.1" 200 -
2025-05-08 23:00:07,476 - werkzeug - INFO - 127.0.0.1 - - [08/May/2025 23:00:07] "GET /api/status HTTP/1.1" 200 -
2025-05-08 23:00:07,522 - car_analysis - INFO - Retrieved 0 popular brands
2025-05-08 23:00:07,522 - werkzeug - INFO - 127.0.0.1 - - [08/May/2025 23:00:07] "GET /api/popular/brands?limit=20 HTTP/1.1" 200 -
2025-05-08 23:00:07,645 - car_analysis - INFO - Retrieved 0 popular brands
2025-05-08 23:00:07,645 - werkzeug - INFO - 127.0.0.1 - - [08/May/2025 23:00:07] "GET /api/popular/brands?limit=20 HTTP/1.1" 200 -
2025-05-08 23:00:07,831 - car_analysis - INFO - Retrieved 0 popular brands
2025-05-08 23:00:07,831 - werkzeug - INFO - 127.0.0.1 - - [08/May/2025 23:00:07] "GET /api/popular/brands?limit=20 HTTP/1.1" 200 -
